

Microchip MPLAB XC8 Assembler V2.35 build 20211206165544 
                                                                                               Fri May 13 10:07:03 2022

Microchip MPLAB XC8 C Compiler v2.35 (Free license) build 20211206165544 Og1 
     1                           	processor	16F887
     2                           	pagewidth 120
     3                           	opt	flic
     4                           	psect	idataCOMMON,global,class=CODE,delta=2,noexec
     5                           	psect	cinit,global,class=CODE,merge=1,delta=2
     6                           	psect	bssCOMMON,global,class=COMMON,space=1,delta=1,noexec
     7                           	psect	dataCOMMON,global,class=COMMON,space=1,delta=1,noexec
     8                           	psect	cstackCOMMON,global,class=COMMON,space=1,delta=1,noexec
     9                           	psect	maintext,global,class=CODE,split=1,delta=2
    10                           	psect	text1,local,class=CODE,merge=1,delta=2
    11                           	psect	text2,local,class=CODE,merge=1,delta=2
    12                           	psect	intentry,global,class=CODE,delta=2
    13                           	psect	idloc,global,abs,ovrld,class=IDLOC,space=5,delta=2,noexec
    14                           	psect	config,global,abs,ovrld,class=CONFIG,space=4,delta=2,noexec
    15                           	dabs	1,0x7E,2
    16  0000                     
    17                           ; Version 2.40
    18                           ; Generated 17/11/2021 GMT
    19                           ; 
    20                           ; Copyright © 2021, Microchip Technology Inc. and its subsidiaries ("Microchip")
    21                           ; All rights reserved.
    22                           ; 
    23                           ; This software is developed by Microchip Technology Inc. and its subsidiaries ("Microch
      +                          ip").
    24                           ; 
    25                           ; Redistribution and use in source and binary forms, with or without modification, are
    26                           ; permitted provided that the following conditions are met:
    27                           ; 
    28                           ;     1. Redistributions of source code must retain the above copyright notice, this lis
      +                          t of
    29                           ;        conditions and the following disclaimer.
    30                           ; 
    31                           ;     2. Redistributions in binary form must reproduce the above copyright notice, this 
      +                          list
    32                           ;        of conditions and the following disclaimer in the documentation and/or other
    33                           ;        materials provided with the distribution. Publication is not required when
    34                           ;        this file is used in an embedded application.
    35                           ; 
    36                           ;     3. Microchip's name may not be used to endorse or promote products derived from th
      +                          is
    37                           ;        software without specific prior written permission.
    38                           ; 
    39                           ; THIS SOFTWARE IS PROVIDED BY MICROCHIP "AS IS" AND ANY EXPRESS OR IMPLIED WARRANTIES,
    40                           ; INCLUDING, BUT NOT LIMITED TO, THE IMPLIED WARRANTIES OF MERCHANTABILITY AND FITNESS F
      +                          OR
    41                           ; PURPOSE ARE DISCLAIMED.  IN NO EVENT SHALL MICROCHIP BE LIABLE FOR ANY DIRECT, INDIREC
      +                          T,
    42                           ; INCIDENTAL, SPECIAL, EXEMPLARY, OR CONSEQUENTIAL DAMAGES (INCLUDING BUT NOT LIMITED TO
    43                           ; PROCUREMENT OF SUBSTITUTE GOODS OR SERVICES; LOSS OF USE, DATA OR PROFITS; OR BUSINESS
    44                           ; INTERRUPTION) HOWSOEVER CAUSED AND ON ANY THEORY OF LIABILITY, WHETHER IN CONTRACT, ST
      +                          RICT
    45                           ; LIABILITY, OR TORT (INCLUDING NEGLIGENCE OR OTHERWISE) ARISING IN ANY WAY OUT OF THE U
      +                          SE OF
    46                           ; THIS SOFTWARE, EVEN IF ADVISED OF THE POSSIBILITY OF SUCH DAMAGE.
    47                           ; 
    48                           ; 
    49                           ; Code-generator required, PIC16F887 Definitions
    50                           ; 
    51                           ; SFR Addresses
    52  0000                     	;# 
    53  0001                     	;# 
    54  0002                     	;# 
    55  0003                     	;# 
    56  0004                     	;# 
    57  0005                     	;# 
    58  0006                     	;# 
    59  0007                     	;# 
    60  0008                     	;# 
    61  0009                     	;# 
    62  000A                     	;# 
    63  000B                     	;# 
    64  000C                     	;# 
    65  000D                     	;# 
    66  000E                     	;# 
    67  000E                     	;# 
    68  000F                     	;# 
    69  0010                     	;# 
    70  0011                     	;# 
    71  0012                     	;# 
    72  0013                     	;# 
    73  0014                     	;# 
    74  0015                     	;# 
    75  0015                     	;# 
    76  0016                     	;# 
    77  0017                     	;# 
    78  0018                     	;# 
    79  0019                     	;# 
    80  001A                     	;# 
    81  001B                     	;# 
    82  001B                     	;# 
    83  001C                     	;# 
    84  001D                     	;# 
    85  001E                     	;# 
    86  001F                     	;# 
    87  0081                     	;# 
    88  0085                     	;# 
    89  0086                     	;# 
    90  0087                     	;# 
    91  0088                     	;# 
    92  0089                     	;# 
    93  008C                     	;# 
    94  008D                     	;# 
    95  008E                     	;# 
    96  008F                     	;# 
    97  0090                     	;# 
    98  0091                     	;# 
    99  0092                     	;# 
   100  0093                     	;# 
   101  0093                     	;# 
   102  0093                     	;# 
   103  0094                     	;# 
   104  0095                     	;# 
   105  0096                     	;# 
   106  0097                     	;# 
   107  0098                     	;# 
   108  0099                     	;# 
   109  009A                     	;# 
   110  009B                     	;# 
   111  009C                     	;# 
   112  009D                     	;# 
   113  009E                     	;# 
   114  009F                     	;# 
   115  0105                     	;# 
   116  0107                     	;# 
   117  0108                     	;# 
   118  0109                     	;# 
   119  010C                     	;# 
   120  010C                     	;# 
   121  010D                     	;# 
   122  010E                     	;# 
   123  010F                     	;# 
   124  0185                     	;# 
   125  0187                     	;# 
   126  0188                     	;# 
   127  0189                     	;# 
   128  018C                     	;# 
   129  018D                     	;# 
   130  0000                     	;# 
   131  0001                     	;# 
   132  0002                     	;# 
   133  0003                     	;# 
   134  0004                     	;# 
   135  0005                     	;# 
   136  0006                     	;# 
   137  0007                     	;# 
   138  0008                     	;# 
   139  0009                     	;# 
   140  000A                     	;# 
   141  000B                     	;# 
   142  000C                     	;# 
   143  000D                     	;# 
   144  000E                     	;# 
   145  000E                     	;# 
   146  000F                     	;# 
   147  0010                     	;# 
   148  0011                     	;# 
   149  0012                     	;# 
   150  0013                     	;# 
   151  0014                     	;# 
   152  0015                     	;# 
   153  0015                     	;# 
   154  0016                     	;# 
   155  0017                     	;# 
   156  0018                     	;# 
   157  0019                     	;# 
   158  001A                     	;# 
   159  001B                     	;# 
   160  001B                     	;# 
   161  001C                     	;# 
   162  001D                     	;# 
   163  001E                     	;# 
   164  001F                     	;# 
   165  0081                     	;# 
   166  0085                     	;# 
   167  0086                     	;# 
   168  0087                     	;# 
   169  0088                     	;# 
   170  0089                     	;# 
   171  008C                     	;# 
   172  008D                     	;# 
   173  008E                     	;# 
   174  008F                     	;# 
   175  0090                     	;# 
   176  0091                     	;# 
   177  0092                     	;# 
   178  0093                     	;# 
   179  0093                     	;# 
   180  0093                     	;# 
   181  0094                     	;# 
   182  0095                     	;# 
   183  0096                     	;# 
   184  0097                     	;# 
   185  0098                     	;# 
   186  0099                     	;# 
   187  009A                     	;# 
   188  009B                     	;# 
   189  009C                     	;# 
   190  009D                     	;# 
   191  009E                     	;# 
   192  009F                     	;# 
   193  0105                     	;# 
   194  0107                     	;# 
   195  0108                     	;# 
   196  0109                     	;# 
   197  010C                     	;# 
   198  010C                     	;# 
   199  010D                     	;# 
   200  010E                     	;# 
   201  010F                     	;# 
   202  0185                     	;# 
   203  0187                     	;# 
   204  0188                     	;# 
   205  0189                     	;# 
   206  018C                     	;# 
   207  018D                     	;# 
   208                           
   209                           	psect	idataCOMMON
   210  00B8                     __pidataCOMMON:
   211                           
   212                           ;initializer for _cont_slave
   213  00B8  34FF               	retlw	255
   214  000B                     _INTCONbits	set	11
   215  0014                     _SSPCONbits	set	20
   216  0007                     _PORTC	set	7
   217  0005                     _PORTA	set	5
   218  0005                     _PORTAbits	set	5
   219  0013                     _SSPBUF	set	19
   220  0008                     _PORTD	set	8
   221  001E                     _ADRESH	set	30
   222  001F                     _ADCON0bits	set	31
   223  000C                     _PIR1bits	set	12
   224  008C                     _PIE1bits	set	140
   225  009F                     _ADCON1bits	set	159
   226  0087                     _TRISC	set	135
   227  008F                     _OSCCONbits	set	143
   228  0088                     _TRISD	set	136
   229  0085                     _TRISA	set	133
   230  0094                     _SSPSTATbits	set	148
   231  0189                     _ANSELH	set	393
   232  0188                     _ANSEL	set	392
   233                           
   234                           	psect	cinit
   235  000F                     start_initialization:	
   236                           ; #config settings
   237                           
   238  000F                     __initialization:
   239                           
   240                           ; Initialize objects allocated to COMMON
   241  000F  120A  118A  20B8  120A  118A  	fcall	__pidataCOMMON	;fetch initializer
   242  0014  00FA               	movwf	__pdataCOMMON& (0+127)
   243                           
   244                           ; Clear objects allocated to COMMON
   245  0015  01F7               	clrf	__pbssCOMMON& (0+127)
   246  0016  01F8               	clrf	(__pbssCOMMON+1)& (0+127)
   247  0017  01F9               	clrf	(__pbssCOMMON+2)& (0+127)
   248  0018                     end_of_initialization:	
   249                           ;End of C runtime variable initialization code
   250                           
   251  0018                     __end_of__initialization:
   252  0018  0183               	clrf	3
   253  0019  120A  118A  2864   	ljmp	_main	;jump to C main() function
   254                           
   255                           	psect	bssCOMMON
   256  0077                     __pbssCOMMON:
   257  0077                     _val_pot:
   258  0077                     	ds	1
   259  0078                     _val_temporal:
   260  0078                     	ds	1
   261  0079                     _cont_master:
   262  0079                     	ds	1
   263                           
   264                           	psect	dataCOMMON
   265  007A                     __pdataCOMMON:
   266  007A                     _cont_slave:
   267  007A                     	ds	1
   268                           
   269                           	psect	cstackCOMMON
   270  0070                     __pcstackCOMMON:
   271  0070                     ?_setup:
   272  0070                     ?_isr:	
   273                           ; 1 bytes @ 0x0
   274                           
   275  0070                     ??_isr:	
   276                           ; 1 bytes @ 0x0
   277                           
   278  0070                     ?_main:	
   279                           ; 1 bytes @ 0x0
   280                           
   281                           
   282                           ; 1 bytes @ 0x0
   283  0070                     	ds	3
   284  0073                     ??_setup:
   285                           
   286                           ; 1 bytes @ 0x3
   287  0073                     	ds	1
   288  0074                     ??_main:
   289                           
   290                           ; 1 bytes @ 0x4
   291  0074                     	ds	3
   292                           
   293                           	psect	maintext
   294  0064                     __pmaintext:	
   295 ;;
   296 ;;Main: autosize = 0, tempsize = 3, incstack = 0, save=0
   297 ;;
   298 ;; *************** function _main *****************
   299 ;; Defined at:
   300 ;;		line 71 in file "main_Lab.c"
   301 ;; Parameters:    Size  Location     Type
   302 ;;		None
   303 ;; Auto vars:     Size  Location     Type
   304 ;;		None
   305 ;; Return value:  Size  Location     Type
   306 ;;                  1    wreg      void 
   307 ;; Registers used:
   308 ;;		wreg, status,2, status,0, pclath, cstack
   309 ;; Tracked objects:
   310 ;;		On entry : B00/0
   311 ;;		On exit  : 0/0
   312 ;;		Unchanged: 0/0
   313 ;; Data sizes:     COMMON   BANK0   BANK1   BANK3   BANK2
   314 ;;      Params:         0       0       0       0       0
   315 ;;      Locals:         0       0       0       0       0
   316 ;;      Temps:          3       0       0       0       0
   317 ;;      Totals:         3       0       0       0       0
   318 ;;Total ram usage:        3 bytes
   319 ;; Hardware stack levels required when called: 2
   320 ;; This function calls:
   321 ;;		_setup
   322 ;; This function is called by:
   323 ;;		Startup code after reset
   324 ;; This function uses a non-reentrant model
   325 ;;
   326                           
   327  0064                     _main:	
   328                           ;psect for function _main
   329                           
   330  0064                     l729:	
   331                           ;incstack = 0
   332                           ; Regs used in _main: [wreg+status,2+status,0+pclath+cstack]
   333                           
   334                           
   335                           ;main_Lab.c: 72:     setup();
   336  0064  120A  118A  201C  120A  118A  	fcall	_setup
   337  0069                     l731:
   338                           
   339                           ;main_Lab.c: 74:         if(ADCON0bits.GO == 0){
   340  0069  1283               	bcf	3,5	;RP0=0, select bank0
   341  006A  1303               	bcf	3,6	;RP1=0, select bank0
   342  006B  189F               	btfsc	31,1	;volatile
   343  006C  286E               	goto	u41
   344  006D  286F               	goto	u40
   345  006E                     u41:
   346  006E  2870               	goto	l64
   347  006F                     u40:
   348  006F                     l733:
   349                           
   350                           ;main_Lab.c: 75:             ADCON0bits.GO = 1;
   351  006F  149F               	bsf	31,1	;volatile
   352  0070                     l64:	
   353                           ;main_Lab.c: 76:         }
   354                           
   355                           
   356                           ;main_Lab.c: 79:         PORTAbits.RA7 = 1;
   357  0070  1785               	bsf	5,7	;volatile
   358  0071                     l735:
   359                           
   360                           ;main_Lab.c: 80:         _delay((unsigned long)((10)*(1000000/4000.0)));
   361  0071  3004               	movlw	4
   362  0072  00F5               	movwf	??_main+1
   363  0073  303D               	movlw	61
   364  0074  00F4               	movwf	??_main
   365  0075                     u67:
   366  0075  0BF4               	decfsz	??_main,f
   367  0076  2875               	goto	u67
   368  0077  0BF5               	decfsz	??_main+1,f
   369  0078  2875               	goto	u67
   370  0079  287A               	nop2
   371  007A                     l737:
   372                           
   373                           ;main_Lab.c: 81:         PORTAbits.RA7 = 0;
   374  007A  1283               	bcf	3,5	;RP0=0, select bank0
   375  007B  1303               	bcf	3,6	;RP1=0, select bank0
   376  007C  1385               	bcf	5,7	;volatile
   377                           
   378                           ;main_Lab.c: 84:         SSPBUF = val_pot;
   379  007D  0877               	movf	_val_pot,w
   380  007E  0093               	movwf	19	;volatile
   381  007F                     l65:	
   382                           ;main_Lab.c: 85:         while(!SSPSTATbits.BF){}
   383                           
   384  007F  1683               	bsf	3,5	;RP0=1, select bank1
   385  0080  1303               	bcf	3,6	;RP1=0, select bank1
   386  0081  1C14               	btfss	20,0	;volatile
   387  0082  2884               	goto	u51
   388  0083  2885               	goto	u50
   389  0084                     u51:
   390  0084  287F               	goto	l65
   391  0085                     u50:
   392  0085                     l739:
   393                           
   394                           ;main_Lab.c: 87:         _delay((unsigned long)((1000)*(1000000/4000.0)));
   395  0085  3002               	movlw	2
   396  0086  00F6               	movwf	??_main+2
   397  0087  3045               	movlw	69
   398  0088  00F5               	movwf	??_main+1
   399  0089  30A9               	movlw	169
   400  008A  00F4               	movwf	??_main
   401  008B                     u77:
   402  008B  0BF4               	decfsz	??_main,f
   403  008C  288B               	goto	u77
   404  008D  0BF5               	decfsz	??_main+1,f
   405  008E  288B               	goto	u77
   406  008F  0BF6               	decfsz	??_main+2,f
   407  0090  288B               	goto	u77
   408  0091  2892               	nop2
   409  0092  2869               	goto	l731
   410  0093  120A  118A  280C   	ljmp	start
   411  0096                     __end_of_main:
   412                           
   413                           	psect	text1
   414  001C                     __ptext1:	
   415 ;; *************** function _setup *****************
   416 ;; Defined at:
   417 ;;		line 94 in file "main_Lab.c"
   418 ;; Parameters:    Size  Location     Type
   419 ;;		None
   420 ;; Auto vars:     Size  Location     Type
   421 ;;		None
   422 ;; Return value:  Size  Location     Type
   423 ;;                  1    wreg      void 
   424 ;; Registers used:
   425 ;;		wreg, status,2, status,0
   426 ;; Tracked objects:
   427 ;;		On entry : 0/0
   428 ;;		On exit  : 0/0
   429 ;;		Unchanged: 0/0
   430 ;; Data sizes:     COMMON   BANK0   BANK1   BANK3   BANK2
   431 ;;      Params:         0       0       0       0       0
   432 ;;      Locals:         0       0       0       0       0
   433 ;;      Temps:          1       0       0       0       0
   434 ;;      Totals:         1       0       0       0       0
   435 ;;Total ram usage:        1 bytes
   436 ;; Hardware stack levels used: 1
   437 ;; Hardware stack levels required when called: 1
   438 ;; This function calls:
   439 ;;		Nothing
   440 ;; This function is called by:
   441 ;;		_main
   442 ;; This function uses a non-reentrant model
   443 ;;
   444                           
   445  001C                     _setup:	
   446                           ;psect for function _setup
   447                           
   448  001C                     l665:	
   449                           ;incstack = 0
   450                           ; Regs used in _setup: [wreg+status,2+status,0]
   451                           
   452                           
   453                           ;main_Lab.c: 95:     ANSEL = 0x01;
   454  001C  3001               	movlw	1
   455  001D  1683               	bsf	3,5	;RP0=1, select bank3
   456  001E  1703               	bsf	3,6	;RP1=1, select bank3
   457  001F  0088               	movwf	8	;volatile
   458  0020                     l667:
   459                           
   460                           ;main_Lab.c: 96:     ANSELH = 0;
   461  0020  0189               	clrf	9	;volatile
   462  0021                     l669:
   463                           
   464                           ;main_Lab.c: 98:     TRISA = 0b01;
   465  0021  3001               	movlw	1
   466  0022  1683               	bsf	3,5	;RP0=1, select bank1
   467  0023  1303               	bcf	3,6	;RP1=0, select bank1
   468  0024  0085               	movwf	5	;volatile
   469                           
   470                           ;main_Lab.c: 99:     PORTA = 0;
   471  0025  1283               	bcf	3,5	;RP0=0, select bank0
   472  0026  1303               	bcf	3,6	;RP1=0, select bank0
   473  0027  0185               	clrf	5	;volatile
   474                           
   475                           ;main_Lab.c: 102:     TRISD = 0;
   476  0028  1683               	bsf	3,5	;RP0=1, select bank1
   477  0029  1303               	bcf	3,6	;RP1=0, select bank1
   478  002A  0188               	clrf	8	;volatile
   479                           
   480                           ;main_Lab.c: 103:     PORTD = 0;
   481  002B  1283               	bcf	3,5	;RP0=0, select bank0
   482  002C  1303               	bcf	3,6	;RP1=0, select bank0
   483  002D  0188               	clrf	8	;volatile
   484  002E                     l671:
   485                           
   486                           ;main_Lab.c: 105:     OSCCONbits.IRCF = 0b100;
   487  002E  1683               	bsf	3,5	;RP0=1, select bank1
   488  002F  1303               	bcf	3,6	;RP1=0, select bank1
   489  0030  080F               	movf	15,w	;volatile
   490  0031  398F               	andlw	-113
   491  0032  3840               	iorlw	64
   492  0033  008F               	movwf	15	;volatile
   493  0034                     l673:
   494                           
   495                           ;main_Lab.c: 106:     OSCCONbits.SCS = 1;
   496  0034  140F               	bsf	15,0	;volatile
   497  0035                     l675:
   498                           
   499                           ;main_Lab.c: 111:     TRISC = 0b00010000;
   500  0035  3010               	movlw	16
   501  0036  0087               	movwf	7	;volatile
   502  0037                     l677:
   503                           
   504                           ;main_Lab.c: 112:     PORTC = 0;
   505  0037  1283               	bcf	3,5	;RP0=0, select bank0
   506  0038  1303               	bcf	3,6	;RP1=0, select bank0
   507  0039  0187               	clrf	7	;volatile
   508  003A                     l679:
   509                           
   510                           ;main_Lab.c: 115:     SSPCONbits.SSPM = 0b0000;
   511  003A  30F0               	movlw	-16
   512  003B  0594               	andwf	20,f	;volatile
   513  003C                     l681:
   514                           
   515                           ;main_Lab.c: 116:     SSPCONbits.CKP = 0;
   516  003C  1214               	bcf	20,4	;volatile
   517  003D                     l683:
   518                           
   519                           ;main_Lab.c: 117:     SSPCONbits.SSPEN = 1;
   520  003D  1694               	bsf	20,5	;volatile
   521  003E                     l685:
   522                           
   523                           ;main_Lab.c: 119:     SSPSTATbits.CKE = 1;
   524  003E  1683               	bsf	3,5	;RP0=1, select bank1
   525  003F  1303               	bcf	3,6	;RP1=0, select bank1
   526  0040  1714               	bsf	20,6	;volatile
   527  0041                     l687:
   528                           
   529                           ;main_Lab.c: 120:     SSPSTATbits.SMP = 1;
   530  0041  1794               	bsf	20,7	;volatile
   531  0042                     l689:
   532                           
   533                           ;main_Lab.c: 121:     SSPBUF = cont_master;
   534  0042  1283               	bcf	3,5	;RP0=0, select bank0
   535  0043  1303               	bcf	3,6	;RP1=0, select bank0
   536  0044  0193               	clrf	19	;volatile
   537  0045                     l691:
   538                           
   539                           ;main_Lab.c: 124:     ADCON0bits.ADCS = 0b01;
   540  0045  081F               	movf	31,w	;volatile
   541  0046  393F               	andlw	-193
   542  0047  3840               	iorlw	64
   543  0048  009F               	movwf	31	;volatile
   544  0049                     l693:
   545                           
   546                           ;main_Lab.c: 125:     ADCON1bits.VCFG0 = 0;
   547  0049  1683               	bsf	3,5	;RP0=1, select bank1
   548  004A  1303               	bcf	3,6	;RP1=0, select bank1
   549  004B  121F               	bcf	31,4	;volatile
   550  004C                     l695:
   551                           
   552                           ;main_Lab.c: 126:     ADCON1bits.VCFG1 = 0;
   553  004C  129F               	bcf	31,5	;volatile
   554  004D                     l697:
   555                           
   556                           ;main_Lab.c: 127:     ADCON0bits.CHS = 0b0000;
   557  004D  30C3               	movlw	-61
   558  004E  1283               	bcf	3,5	;RP0=0, select bank0
   559  004F  1303               	bcf	3,6	;RP1=0, select bank0
   560  0050  059F               	andwf	31,f	;volatile
   561  0051                     l699:
   562                           
   563                           ;main_Lab.c: 128:     ADCON1bits.ADFM = 0;
   564  0051  1683               	bsf	3,5	;RP0=1, select bank1
   565  0052  1303               	bcf	3,6	;RP1=0, select bank1
   566  0053  139F               	bcf	31,7	;volatile
   567  0054                     l701:
   568                           
   569                           ;main_Lab.c: 129:     ADCON0bits.ADON = 1;
   570  0054  1283               	bcf	3,5	;RP0=0, select bank0
   571  0055  1303               	bcf	3,6	;RP1=0, select bank0
   572  0056  141F               	bsf	31,0	;volatile
   573  0057                     l703:
   574                           
   575                           ;main_Lab.c: 130:     _delay((unsigned long)((40)*(1000000/4000000.0)));
   576  0057  3003               	movlw	3
   577  0058  00F3               	movwf	??_setup
   578  0059                     u87:
   579  0059  0BF3               	decfsz	??_setup,f
   580  005A  2859               	goto	u87
   581  005B                     l705:
   582                           
   583                           ;main_Lab.c: 133:     INTCONbits.GIE = 1;
   584  005B  178B               	bsf	11,7	;volatile
   585  005C                     l707:
   586                           
   587                           ;main_Lab.c: 134:     PIE1bits.ADIE = 1;
   588  005C  1683               	bsf	3,5	;RP0=1, select bank1
   589  005D  1303               	bcf	3,6	;RP1=0, select bank1
   590  005E  170C               	bsf	12,6	;volatile
   591  005F                     l709:
   592                           
   593                           ;main_Lab.c: 135:     PIR1bits.ADIF = 0;
   594  005F  1283               	bcf	3,5	;RP0=0, select bank0
   595  0060  1303               	bcf	3,6	;RP1=0, select bank0
   596  0061  130C               	bcf	12,6	;volatile
   597  0062                     l711:
   598                           
   599                           ;main_Lab.c: 136:     INTCONbits.PEIE = 1;
   600  0062  170B               	bsf	11,6	;volatile
   601  0063                     l73:
   602  0063  0008               	return
   603  0064                     __end_of_setup:
   604                           
   605                           	psect	text2
   606  0096                     __ptext2:	
   607 ;; *************** function _isr *****************
   608 ;; Defined at:
   609 ;;		line 52 in file "main_Lab.c"
   610 ;; Parameters:    Size  Location     Type
   611 ;;		None
   612 ;; Auto vars:     Size  Location     Type
   613 ;;		None
   614 ;; Return value:  Size  Location     Type
   615 ;;                  1    wreg      void 
   616 ;; Registers used:
   617 ;;		wreg, status,2, status,0
   618 ;; Tracked objects:
   619 ;;		On entry : 0/0
   620 ;;		On exit  : 0/0
   621 ;;		Unchanged: 0/0
   622 ;; Data sizes:     COMMON   BANK0   BANK1   BANK3   BANK2
   623 ;;      Params:         0       0       0       0       0
   624 ;;      Locals:         0       0       0       0       0
   625 ;;      Temps:          3       0       0       0       0
   626 ;;      Totals:         3       0       0       0       0
   627 ;;Total ram usage:        3 bytes
   628 ;; Hardware stack levels used: 1
   629 ;; This function calls:
   630 ;;		Nothing
   631 ;; This function is called by:
   632 ;;		Interrupt level 1
   633 ;; This function uses a non-reentrant model
   634 ;;
   635                           
   636  0096                     _isr:	
   637                           ;psect for function _isr
   638                           
   639  0096                     i1l713:
   640                           
   641                           ;main_Lab.c: 54:     if (PIR1bits.ADIF){
   642  0096  1283               	bcf	3,5	;RP0=0, select bank0
   643  0097  1303               	bcf	3,6	;RP1=0, select bank0
   644  0098  1F0C               	btfss	12,6	;volatile
   645  0099  289B               	goto	u1_21
   646  009A  289C               	goto	u1_20
   647  009B                     u1_21:
   648  009B  28AA               	goto	i1l721
   649  009C                     u1_20:
   650  009C                     i1l715:
   651                           
   652                           ;main_Lab.c: 55:         if (ADCON0bits.CHS == 0){
   653  009C  0C1F               	rrf	31,w	;volatile
   654  009D  00F0               	movwf	??_isr
   655  009E  0C70               	rrf	??_isr,w
   656  009F  390F               	andlw	15
   657  00A0  3A00               	xorlw	0
   658  00A1  1D03               	skipz
   659  00A2  28A4               	goto	u2_21
   660  00A3  28A5               	goto	u2_20
   661  00A4                     u2_21:
   662  00A4  28A9               	goto	i1l719
   663  00A5                     u2_20:
   664  00A5                     i1l717:
   665                           
   666                           ;main_Lab.c: 56:             val_pot = ADRESH;
   667  00A5  081E               	movf	30,w	;volatile
   668  00A6  00F0               	movwf	??_isr
   669  00A7  0870               	movf	??_isr,w
   670  00A8  00F7               	movwf	_val_pot
   671  00A9                     i1l719:
   672                           
   673                           ;main_Lab.c: 58:         PIR1bits.ADIF = 0;
   674  00A9  130C               	bcf	12,6	;volatile
   675  00AA                     i1l721:
   676                           
   677                           ;main_Lab.c: 61:     if (PIR1bits.SSPIF){
   678  00AA  1D8C               	btfss	12,3	;volatile
   679  00AB  28AD               	goto	u3_21
   680  00AC  28AE               	goto	u3_20
   681  00AD                     u3_21:
   682  00AD  28B1               	goto	i1l58
   683  00AE                     u3_20:
   684  00AE                     i1l723:
   685                           
   686                           ;main_Lab.c: 62:         PORTD = SSPBUF;
   687  00AE  0813               	movf	19,w	;volatile
   688  00AF  0088               	movwf	8	;volatile
   689  00B0                     i1l725:
   690                           
   691                           ;main_Lab.c: 63:         PIR1bits.SSPIF = 0;
   692  00B0  118C               	bcf	12,3	;volatile
   693  00B1                     i1l58:
   694  00B1  0872               	movf	??_isr+2,w
   695  00B2  008A               	movwf	10
   696  00B3  0E71               	swapf	??_isr+1,w
   697  00B4  0083               	movwf	3
   698  00B5  0EFE               	swapf	btemp,f
   699  00B6  0E7E               	swapf	btemp,w
   700  00B7  0009               	retfie
   701  00B8                     __end_of_isr:
   702  007E                     btemp	set	126	;btemp
   703  007E                     wtemp0	set	126
   704                           
   705                           	psect	intentry
   706  0004                     __pintentry:	
   707                           ;incstack = 0
   708                           ; Regs used in _isr: [wreg+status,2+status,0]
   709                           
   710  0004                     interrupt_function:
   711  007E                     saved_w	set	btemp
   712  0004  00FE               	movwf	btemp
   713  0005  0E03               	swapf	3,w
   714  0006  00F1               	movwf	??_isr+1
   715  0007  080A               	movf	10,w
   716  0008  00F2               	movwf	??_isr+2
   717  0009  120A  118A  2896   	ljmp	_isr
   718                           
   719                           	psect	idloc
   720                           
   721                           ;Config register IDLOC0 @ 0x2000
   722                           ;	unspecified, using default values
   723  2000                     	org	8192
   724  2000  3FFF               	dw	16383
   725                           
   726                           ;Config register IDLOC1 @ 0x2001
   727                           ;	unspecified, using default values
   728  2001                     	org	8193
   729  2001  3FFF               	dw	16383
   730                           
   731                           ;Config register IDLOC2 @ 0x2002
   732                           ;	unspecified, using default values
   733  2002                     	org	8194
   734  2002  3FFF               	dw	16383
   735                           
   736                           ;Config register IDLOC3 @ 0x2003
   737                           ;	unspecified, using default values
   738  2003                     	org	8195
   739  2003  3FFF               	dw	16383
   740                           
   741                           	psect	config
   742                           
   743                           ;Config register CONFIG1 @ 0x2007
   744                           ;	Oscillator Selection bits
   745                           ;	FOSC = INTRC_NOCLKOUT, INTOSCIO oscillator: I/O function on RA6/OSC2/CLKOUT pin, I/O f
      +                          unction on RA7/OSC1/CLKIN
   746                           ;	Watchdog Timer Enable bit
   747                           ;	WDTE = OFF, WDT disabled and can be enabled by SWDTEN bit of the WDTCON register
   748                           ;	Power-up Timer Enable bit
   749                           ;	PWRTE = OFF, PWRT disabled
   750                           ;	RE3/MCLR pin function select bit
   751                           ;	MCLRE = OFF, RE3/MCLR pin function is digital input, MCLR internally tied to VDD
   752                           ;	Code Protection bit
   753                           ;	CP = OFF, Program memory code protection is disabled
   754                           ;	Data Code Protection bit
   755                           ;	CPD = OFF, Data memory code protection is disabled
   756                           ;	Brown Out Reset Selection bits
   757                           ;	BOREN = OFF, BOR disabled
   758                           ;	Internal External Switchover bit
   759                           ;	IESO = OFF, Internal/External Switchover mode is disabled
   760                           ;	Fail-Safe Clock Monitor Enabled bit
   761                           ;	FCMEN = OFF, Fail-Safe Clock Monitor is disabled
   762                           ;	Low Voltage Programming Enable bit
   763                           ;	LVP = OFF, RB3 pin has digital I/O, HV on MCLR must be used for programming
   764                           ;	In-Circuit Debugger Mode bit
   765                           ;	DEBUG = 0x1, unprogrammed default
   766  2007                     	org	8199
   767  2007  20D4               	dw	8404
   768                           
   769                           ;Config register CONFIG2 @ 0x2008
   770                           ;	Brown-out Reset Selection bit
   771                           ;	BOR4V = BOR40V, Brown-out Reset set to 4.0V
   772                           ;	Flash Program Memory Self Write Enable bits
   773                           ;	WRT = OFF, Write protection off
   774  2008                     	org	8200
   775  2008  3FFF               	dw	16383

Data Sizes:
    Strings     0
    Constant    0
    Data        1
    BSS         3
    Persistent  0
    Stack       0

Auto Spaces:
    Space          Size  Autos    Used
    COMMON           14      7      11
    BANK0            80      0       0
    BANK1            80      0       0
    BANK3            96      0       0
    BANK2            96      0       0

Pointer List with Targets:

    None.

Critical Paths under _main in COMMON

    _main->_setup

Critical Paths under _isr in COMMON

    None.

Critical Paths under _main in BANK0

    None.

Critical Paths under _isr in BANK0

    None.

Critical Paths under _main in BANK1

    None.

Critical Paths under _isr in BANK1

    None.

Critical Paths under _main in BANK3

    None.

Critical Paths under _isr in BANK3

    None.

Critical Paths under _main in BANK2

    None.

Critical Paths under _isr in BANK2

    None.

Call Graph Tables:

 ---------------------------------------------------------------------------------
 (Depth) Function   	        Calls       Base Space   Used Autos Params    Refs
 ---------------------------------------------------------------------------------
 (0) _main                                                 3     3      0       0
                                              4 COMMON     3     3      0
                              _setup
 ---------------------------------------------------------------------------------
 (1) _setup                                                1     1      0       0
                                              3 COMMON     1     1      0
 ---------------------------------------------------------------------------------
 Estimated maximum stack depth 1
 ---------------------------------------------------------------------------------
 (Depth) Function   	        Calls       Base Space   Used Autos Params    Refs
 ---------------------------------------------------------------------------------
 (2) _isr                                                  3     3      0       0
                                              0 COMMON     3     3      0
 ---------------------------------------------------------------------------------
 Estimated maximum stack depth 2
 ---------------------------------------------------------------------------------

 Call Graph Graphs:

 _main (ROOT)
   _setup

 _isr (ROOT)

 Address spaces:
Name               Size   Autos  Total    Cost      Usage
BANK3               60      0       0       9        0.0%
BITBANK3            60      0       0       8        0.0%
SFR3                 0      0       0       4        0.0%
BITSFR3              0      0       0       4        0.0%
BANK2               60      0       0      11        0.0%
BITBANK2            60      0       0      10        0.0%
SFR2                 0      0       0       5        0.0%
BITSFR2              0      0       0       5        0.0%
BANK1               50      0       0       7        0.0%
BITBANK1            50      0       0       6        0.0%
SFR1                 0      0       0       2        0.0%
BITSFR1              0      0       0       2        0.0%
BANK0               50      0       0       5        0.0%
BITBANK0            50      0       0       4        0.0%
SFR0                 0      0       0       1        0.0%
BITSFR0              0      0       0       1        0.0%
COMMON               E      7       B       1       78.6%
BITCOMMON            E      0       0       0        0.0%
CODE                 0      0       0       0        0.0%
DATA                 0      0       B      12        0.0%
ABS                  0      0       B       3        0.0%
NULL                 0      0       0       0        0.0%
STACK                0      0       0       2        0.0%
EEDATA             100      0       0       0        0.0%


Microchip Technology PIC Macro Assembler V2.35 build 20211206165544 
Symbol Table                                                                                   Fri May 13 10:07:03 2022

            _SSPSTATbits 0094                       l64 0070                       l73 0063  
                     l65 007F                       u40 006F                       u41 006E  
                     u50 0085                       u51 0084                       u67 0075  
                     u77 008B                       u87 0059                      l701 0054  
                    l711 0062                      l703 0057                      l705 005B  
                    l707 005C                      l731 0069                      l709 005F  
                    l733 006F                      l671 002E                      l735 0071  
                    l681 003C                      l673 0034                      l665 001C  
                    l737 007A                      l729 0064                      l691 0045  
                    l683 003D                      l675 0035                      l667 0020  
                    l739 0085                      l693 0049                      l685 003E  
                    l677 0037                      l669 0021                      l695 004C  
                    l687 0041                      l679 003A                      l697 004D  
                    l689 0042                      l699 0051                      _isr 0096  
                   ?_isr 0070                     i1l58 00B1                     u1_20 009C  
                   u1_21 009B                     u2_20 00A5                     u2_21 00A4  
                   u3_20 00AE                     u3_21 00AD                     _main 0064  
                   btemp 007E                     start 000C                    ??_isr 0070  
                  ?_main 0070                    _ANSEL 0188                    i1l721 00AA  
                  i1l713 0096                    i1l723 00AE                    i1l715 009C  
                  i1l725 00B0                    i1l717 00A5                    i1l719 00A9  
                  _PORTA 0005                    _PORTC 0007                    _PORTD 0008  
                  _TRISA 0085                    _TRISC 0087                    _TRISD 0088  
                  _setup 001C                    pclath 000A                    status 0003  
                  wtemp0 007E          __initialization 000F             __end_of_main 0096  
                 ??_main 0074                   _ADRESH 001E                   ?_setup 0070  
                 _ANSELH 0189                   _SSPBUF 0013             __pdataCOMMON 007A  
                 saved_w 007E  __end_of__initialization 0018           __pcstackCOMMON 0070  
          __end_of_setup 0064                  ??_setup 0073               __pmaintext 0064  
             __pintentry 0004               _cont_slave 007A                  __ptext1 001C  
                __ptext2 0096                  _val_pot 0077     end_of_initialization 0018  
              _PORTAbits 0005            __pidataCOMMON 00B8      start_initialization 000F  
            __end_of_isr 00B8              __pbssCOMMON 0077                ___latbits 0002  
      interrupt_function 0004                 _PIE1bits 008C                 _PIR1bits 000C  
             _ADCON0bits 001F               _ADCON1bits 009F              _cont_master 0079  
           _val_temporal 0078               _INTCONbits 000B                 intlevel1 0000  
             _OSCCONbits 008F               _SSPCONbits 0014  
